<?xml version="1.0" encoding="UTF-8"?>
<!-- Generated by org.testng.reporters.JUnitXMLReporter -->
<testsuite hostname="ASUSLAPTOP" ignored="0" name="Test" tests="7" failures="0" timestamp="2020-04-17T23:08:52 IST" time="457.895" errors="0">
  <testcase name="swiping" time="74.805" classname="practiceFW.AppiumFramework.swipe"/>
  <testcase name="artofgestures" time="56.677" classname="practiceFW.AppiumFramework.gestures"/>
  <testcase name="scrolltest" time="69.056" classname="practiceFW.AppiumFramework.scrolling"/>
  <testcase name="Validation" time="67.172" classname="practiceFW.AppiumFramework.Basics"/>
  <testcase name="Validation" time="65.575" classname="practiceFW.AppiumFramework.Basics"/>
  <testcase name="Validation" time="61.614" classname="practiceFW.AppiumFramework.Basics"/>
  <testcase name="dragtest" time="52.848" classname="practiceFW.AppiumFramework.draganddrop"/>
</testsuite> <!-- Test -->
