<?xml version="1.0" encoding="UTF-8"?>
<!-- Generated by org.testng.reporters.JUnitXMLReporter -->
<testsuite hostname="ASUSLAPTOP" ignored="0" name="Test" tests="7" failures="0" timestamp="2020-04-18T11:08:17 IST" time="454.75" errors="0">
  <testcase name="swiping" time="79.042" classname="practiceFW.AppiumFramework.swipe"/>
  <testcase name="artofgestures" time="58.235" classname="practiceFW.AppiumFramework.gestures"/>
  <testcase name="scrolltest" time="65.554" classname="practiceFW.AppiumFramework.scrolling"/>
  <testcase name="Validation" time="61.304" classname="practiceFW.AppiumFramework.Basics"/>
  <testcase name="Validation" time="62.127" classname="practiceFW.AppiumFramework.Basics"/>
  <testcase name="Validation" time="63.172" classname="practiceFW.AppiumFramework.Basics"/>
  <testcase name="dragtest" time="55.113" classname="practiceFW.AppiumFramework.draganddrop"/>
</testsuite> <!-- Test -->
