<?xml version="1.0" encoding="UTF-8"?>
<testsuite xmlns:xsi="http://www.w3.org/2001/XMLSchema-instance" xsi:noNamespaceSchemaLocation="https://maven.apache.org/surefire/maven-surefire-plugin/xsd/surefire-test-report-3.0.xsd" version="3.0" name="TestSuite" time="457.572" tests="7" errors="0" skipped="0" failures="0">
  <properties>
[...]
</properties>
  <testcase name="swiping" classname="practiceFW.AppiumFramework.swipe" time="79.047"/>
  <testcase name="artofgestures" classname="practiceFW.AppiumFramework.gestures" time="58.233"/>
  <testcase name="scrolltest" classname="practiceFW.AppiumFramework.scrolling" time="65.558"/>
  <testcase name="Validation" classname="practiceFW.AppiumFramework.Basics" time="61.321"/>
  <testcase name="Validation" classname="practiceFW.AppiumFramework.Basics" time="62.127"/>
  <testcase name="Validation" classname="practiceFW.AppiumFramework.Basics" time="63.175"/>
  <testcase name="dragtest" classname="practiceFW.AppiumFramework.draganddrop" time="55.112"/>
</testsuite>