<?xml version="1.0" encoding="UTF-8"?>
<testng-results skipped="0" failed="0" ignored="0" total="7" passed="7">
  <reporter-output>
  </reporter-output>
  <suite name="Suite" duration-ms="457895" started-at="2020-04-17T23:01:14 IST" finished-at="2020-04-17T23:08:52 IST">
    <groups>
    </groups>
    <test name="Test" duration-ms="457895" started-at="2020-04-17T23:01:14 IST" finished-at="2020-04-17T23:08:52 IST">
      <class name="practiceFW.AppiumFramework.scrolling">
        <test-method status="PASS" signature="scrolltest()[pri:0, instance:practiceFW.AppiumFramework.scrolling@37374a5e]" name="scrolltest" duration-ms="69056" started-at="2020-04-17T23:03:35 IST" finished-at="2020-04-17T23:04:44 IST">
          <reporter-output>
          </reporter-output>
        </test-method> <!-- scrolltest -->
      </class> <!-- practiceFW.AppiumFramework.scrolling -->
      <class name="practiceFW.AppiumFramework.swipe">
        <test-method status="PASS" signature="swiping()[pri:0, instance:practiceFW.AppiumFramework.swipe@66d1af89]" name="swiping" duration-ms="74805" started-at="2020-04-17T23:01:24 IST" finished-at="2020-04-17T23:02:39 IST">
          <reporter-output>
          </reporter-output>
        </test-method> <!-- swiping -->
      </class> <!-- practiceFW.AppiumFramework.swipe -->
      <class name="practiceFW.AppiumFramework.gestures">
        <test-method status="PASS" signature="artofgestures()[pri:0, instance:practiceFW.AppiumFramework.gestures@8646db9]" name="artofgestures" duration-ms="56677" started-at="2020-04-17T23:02:39 IST" finished-at="2020-04-17T23:03:35 IST">
          <reporter-output>
          </reporter-output>
        </test-method> <!-- artofgestures -->
      </class> <!-- practiceFW.AppiumFramework.gestures -->
      <class name="practiceFW.AppiumFramework.Basics">
        <test-method status="PASS" signature="killproc()[pri:0, instance:practiceFW.AppiumFramework.Basics@4a87761d]" name="killproc" is-config="true" duration-ms="10022" started-at="2020-04-17T23:01:14 IST" finished-at="2020-04-17T23:01:24 IST">
          <reporter-output>
          </reporter-output>
        </test-method> <!-- killproc -->
        <test-method status="PASS" signature="Validation(java.lang.String)[pri:0, instance:practiceFW.AppiumFramework.Basics@4a87761d]" name="Validation" duration-ms="67172" started-at="2020-04-17T23:04:44 IST" data-provider="InputData" finished-at="2020-04-17T23:05:52 IST">
          <params>
            <param index="0">
              <value>
                <![CDATA[Dolly@12345]]>
              </value>
            </param>
          </params>
          <reporter-output>
          </reporter-output>
        </test-method> <!-- Validation -->
        <test-method status="PASS" signature="Validation(java.lang.String)[pri:0, instance:practiceFW.AppiumFramework.Basics@4a87761d]" name="Validation" duration-ms="65575" started-at="2020-04-17T23:05:52 IST" data-provider="InputData" finished-at="2020-04-17T23:06:57 IST">
          <params>
            <param index="0">
              <value>
                <![CDATA[master@123]]>
              </value>
            </param>
          </params>
          <reporter-output>
          </reporter-output>
        </test-method> <!-- Validation -->
        <test-method status="PASS" signature="Validation(java.lang.String)[pri:0, instance:practiceFW.AppiumFramework.Basics@4a87761d]" name="Validation" duration-ms="61614" started-at="2020-04-17T23:06:57 IST" data-provider="InputData" finished-at="2020-04-17T23:07:59 IST">
          <params>
            <param index="0">
              <value>
                <![CDATA[Slave@1234]]>
              </value>
            </param>
          </params>
          <reporter-output>
          </reporter-output>
        </test-method> <!-- Validation -->
      </class> <!-- practiceFW.AppiumFramework.Basics -->
      <class name="practiceFW.AppiumFramework.draganddrop">
        <test-method status="PASS" signature="dragtest()[pri:0, instance:practiceFW.AppiumFramework.draganddrop@4671e53b]" name="dragtest" duration-ms="52848" started-at="2020-04-17T23:07:59 IST" finished-at="2020-04-17T23:08:52 IST">
          <reporter-output>
          </reporter-output>
        </test-method> <!-- dragtest -->
      </class> <!-- practiceFW.AppiumFramework.draganddrop -->
    </test> <!-- Test -->
  </suite> <!-- Suite -->
</testng-results>
